<?xml version="1.0" encoding="UTF-8"?>
<testsuite name="com.carlosjimz87.nqueens.data.repo.StatsRepositoryImplTest" tests="4" skipped="0" failures="0" errors="0" timestamp="2026-03-19T10:42:11.393Z" hostname="vass-07856.local" time="0.081">
  <properties/>
  <testcase name="record ignores when same (size+moves) but worse or equal time" classname="com.carlosjimz87.nqueens.data.repo.StatsRepositoryImplTest" time="0.073"/>
  <testcase name="record replaces existing when same (size+moves) but better time" classname="com.carlosjimz87.nqueens.data.repo.StatsRepositoryImplTest" time="0.002"/>
  <testcase name="leaderboards returns empty for size with no entries" classname="com.carlosjimz87.nqueens.data.repo.StatsRepositoryImplTest" time="0.002"/>
  <testcase name="record appends when no existing (size+moves) and leaderboards reflect it" classname="com.carlosjimz87.nqueens.data.repo.StatsRepositoryImplTest" time="0.003"/>
  <system-out><![CDATA[]]></system-out>
  <system-err><![CDATA[]]></system-err>
</testsuite>
