<?xml version="1.0" encoding="UTF-8"?>
<testsuite name="com.carlosjimz87.nqueens.data.model.DataModelTest" tests="5" skipped="0" failures="0" errors="0" timestamp="2026-03-19T10:42:11.386Z" hostname="vass-07856.local" time="0.005">
  <properties/>
  <testcase name="LatestRank holds rankByTime and rankByMoves" classname="com.carlosjimz87.nqueens.data.model.DataModelTest" time="0.0"/>
  <testcase name="ScoreEntry equality is based on all fields" classname="com.carlosjimz87.nqueens.data.model.DataModelTest" time="0.001"/>
  <testcase name="RecordResult holds entry and both ranks" classname="com.carlosjimz87.nqueens.data.model.DataModelTest" time="0.0"/>
  <testcase name="StatsState default has empty entries list" classname="com.carlosjimz87.nqueens.data.model.DataModelTest" time="0.004"/>
  <testcase name="ScoreEntry not equal when id differs" classname="com.carlosjimz87.nqueens.data.model.DataModelTest" time="0.0"/>
  <system-out><![CDATA[]]></system-out>
  <system-err><![CDATA[]]></system-err>
</testsuite>
